\BOOKMARK [0][-]{part.1}{\376\377\173\054\116\000\220\350\122\006\000\040\000M\000I\000M\000O\150\300\155\113}{}% 1
\BOOKMARK [1][-]{section.1}{\376\377\160\271\133\371\160\271\000M\000I\000M\000O\150\300\155\113}{part.1}% 2
\BOOKMARK [2][-]{subsection.1.1}{\376\377\174\373\176\337\152\041\127\213}{section.1}% 3
\BOOKMARK [2][-]{subsection.1.2}{\376\377\176\317\121\170\150\300\155\113\145\271\154\325}{section.1}% 4
\BOOKMARK [3][-]{subsubsection.1.2.1}{\376\377\000M\000F\150\300\155\113}{subsection.1.2}% 5
\BOOKMARK [3][-]{subsubsection.1.2.2}{\376\377\000Z\000F\150\300\155\113}{subsection.1.2}% 6
\BOOKMARK [3][-]{subsubsection.1.2.3}{\376\377\000M\000M\000S\000E\150\300\155\113}{subsection.1.2}% 7
\BOOKMARK [3][-]{subsubsection.1.2.4}{\376\377\000Z\000F\000-\000S\000I\000C\150\300\155\113}{subsection.1.2}% 8
\BOOKMARK [3][-]{subsubsection.1.2.5}{\376\377\000M\000M\000S\000E\000-\000S\000I\000C\150\300\155\113}{subsection.1.2}% 9
\BOOKMARK [3][-]{subsubsection.1.2.6}{\376\377\140\073\176\323}{subsection.1.2}% 10
\BOOKMARK [2][-]{subsection.1.3}{\376\377\000M\000a\000s\000s\000i\000v\000e\000\040\000M\000I\000M\000O\000\040\150\300\155\113\126\150}{section.1}% 11
\BOOKMARK [3][-]{subsubsection.1.3.1}{\376\377\127\372\116\216\217\321\117\074\154\102\220\006\166\204\176\277\140\047\150\300\155\113\126\150}{subsection.1.3}% 12
\BOOKMARK [3][-]{subsubsection.1.3.2}{\376\377\000N\000e\000w\000t\000o\000n\000\040\000I\000t\000e\000r\000a\000t\000i\000o\000n\000\040\000M\000e\000t\000h\000o\000d}{subsection.1.3}% 13
\BOOKMARK [3][-]{subsubsection.1.3.3}{\376\377\000G\000a\000u\000s\000s\000-\000S\000e\000i\000d\000e\000l\000\040\000M\000e\000t\000h\000o\000d}{subsection.1.3}% 14
\BOOKMARK [3][-]{subsubsection.1.3.4}{\376\377\000S\000u\000c\000c\000e\000s\000s\000i\000v\000e\000\040\000O\000v\000e\000r\000-\000R\000e\000l\000a\000x\000a\000t\000i\000o\000n}{subsection.1.3}% 15
\BOOKMARK [3][-]{subsubsection.1.3.5}{\376\377\000J\000a\000c\000o\000b\000i\000\040\000M\000e\000t\000h\000o\000d}{subsection.1.3}% 16
\BOOKMARK [3][-]{subsubsection.1.3.6}{\376\377\000R\000i\000c\000h\000a\000r\000d\000s\000o\000n\000\040\000M\000e\000t\000h\000o\000d}{subsection.1.3}% 17
\BOOKMARK [3][-]{subsubsection.1.3.7}{\376\377\000C\000o\000n\000j\000u\000g\000a\000t\000e\000\040\000G\000r\000a\000d\000i\000e\000n\000t\000s\000\040\000M\000e\000t\000h\000o\000d}{subsection.1.3}% 18
\BOOKMARK [3][-]{subsubsection.1.3.8}{\376\377\000L\000a\000n\000c\000z\000o\000s\000\040\000M\000e\000t\000h\000o\000d}{subsection.1.3}% 19
\BOOKMARK [3][-]{subsubsection.1.3.9}{\376\377\000R\000e\000s\000i\000d\000u\000a\000l\000\040\000M\000e\000t\000h\000o\000d}{subsection.1.3}% 20
\BOOKMARK [3][-]{subsubsection.1.3.10}{\376\377\000C\000o\000o\000r\000d\000i\000n\000a\000t\000e\000\040\000D\000e\000s\000c\000e\000n\000t\000\040\000M\000e\000t\000h\000o\000d}{subsection.1.3}% 21
\BOOKMARK [2][-]{subsection.1.4}{\376\377\127\372\116\216\134\100\220\350\144\034\175\042\166\204\150\300\155\113\126\150}{section.1}% 22
\BOOKMARK [3][-]{subsubsection.1.4.1}{\376\377\000L\000i\000k\000e\000l\000i\000h\000o\000o\000d\000\040\000A\000s\000c\000e\000n\000t\000\040\000S\000e\000a\000r\000c\000h}{subsection.1.4}% 23
\BOOKMARK [3][-]{subsubsection.1.4.2}{\376\377\000R\000e\000a\000c\000t\000i\000v\000e\000\040\000T\000a\000b\000u\000\040\000S\000e\000a\000r\000c\000h}{subsection.1.4}% 24
\BOOKMARK [2][-]{subsection.1.5}{\376\377\127\372\116\216\177\156\117\341\117\040\144\255\166\204\150\300\155\113\126\150}{section.1}% 25
\BOOKMARK [2][-]{subsection.1.6}{\376\377\000B\000O\000X\000\040\000D\000e\000t\000e\000c\000t\000i\000o\000n}{section.1}% 26
\BOOKMARK [2][-]{subsection.1.7}{\376\377\000S\000p\000a\000r\000s\000i\000t\000y\000\040\000B\000a\000s\000e\000d\000\040\000A\000l\000g\000o\000r\000i\000t\000h\000m\000s}{section.1}% 27
\BOOKMARK [2][-]{subsection.1.8}{\376\377\134\017\134\072\136\246\000M\000I\000M\000O\150\300\155\113\126\150\127\050\131\047\134\072\136\246\000M\000I\000M\000O\150\300\155\113\116\055\166\204\136\224\165\050}{section.1}% 28
\BOOKMARK [3][-]{subsubsection.1.8.1}{\376\377\000S\000u\000c\000c\000e\000s\000s\000i\000v\000e\000\040\000I\000n\000t\000e\000r\000f\000e\000r\000e\000n\000c\000e\000\040\000C\000a\000n\000c\000e\000l\000l\000a\000t\000i\000o\000n}{subsection.1.8}% 29
\BOOKMARK [3][-]{subsubsection.1.8.2}{\376\377\000L\000a\000t\000t\000i\000c\000e\000\040\000R\000e\000d\000u\000c\000t\000i\000o\000n\000-\000A\000i\000d\000e\000d\000\040\000A\000l\000g\000o\000r\000i\000t\000h\000m\000s}{subsection.1.8}% 30
\BOOKMARK [3][-]{subsubsection.1.8.3}{\376\377\000S\000p\000h\000e\000r\000e\000\040\000D\000e\000c\000o\000d\000e\000r}{subsection.1.8}% 31
\BOOKMARK [2][-]{subsection.1.9}{\376\377\127\372\116\216\000A\000I\166\204\000M\000I\000M\000O\150\300\155\113\145\271\154\325}{section.1}% 32
\BOOKMARK [0][-]{part.2}{\376\377\173\054\116\214\220\350\122\006\000\040\000M\000I\000M\000O\230\204\177\026\170\001}{}% 33
\BOOKMARK [1][-]{section.2}{\376\377\160\271\133\371\160\271\000M\000I\000M\000O\174\373\176\337}{part.2}% 34
\BOOKMARK [2][-]{subsection.2.1}{\376\377\174\373\176\337\152\041\127\213}{section.2}% 35
\BOOKMARK [2][-]{subsection.2.2}{\376\377\174\373\176\337\133\271\221\317}{section.2}% 36
\BOOKMARK [2][-]{subsection.2.3}{\376\377\117\040\217\223\117\247\145\340\000C\000S\000I}{section.2}% 37
\BOOKMARK [2][-]{subsection.2.4}{\376\377\117\040\217\223\117\247\147\011\000C\000S\000I}{section.2}% 38
\BOOKMARK [2][-]{subsection.2.5}{\376\377\000M\000I\000M\000O\154\350\154\064\173\227\154\325}{section.2}% 39
\BOOKMARK [2][-]{subsection.2.6}{\376\377\176\317\121\170\230\204\177\026\170\001\173\227\154\325}{section.2}% 40
\BOOKMARK [3][-]{subsubsection.2.6.1}{\376\377\176\277\140\047\230\204\177\026\170\001}{subsection.2.6}% 41
\BOOKMARK [2][-]{subsection.2.7}{\376\377\127\372\116\216\000A\000I\166\204\230\204\177\026\170\001\173\227\154\325}{section.2}% 42
\BOOKMARK [1][-]{section.3}{\376\377\131\032\165\050\142\067\000M\000I\000M\000O\116\013\210\114\174\373\176\337}{part.2}% 43
\BOOKMARK [2][-]{subsection.3.1}{\376\377\174\373\176\337\152\041\127\213}{section.3}% 44
\BOOKMARK [2][-]{subsection.3.2}{\376\377\000M\000R\000T\230\204\177\026\170\001}{section.3}% 45
\BOOKMARK [2][-]{subsection.3.3}{\376\377\127\372\116\216\136\177\116\111\117\341\220\123\154\102\220\006\166\204\230\204\177\026\170\001}{section.3}% 46
\BOOKMARK [3][-]{subsubsection.3.3.1}{\376\377\000Z\000F\230\204\177\026\170\001}{subsection.3.3}% 47
\BOOKMARK [3][-]{subsubsection.3.3.2}{\376\377\000R\000Z\000F\230\204\177\026\170\001}{subsection.3.3}% 48
\BOOKMARK [2][-]{subsection.3.4}{\376\377\174\373\176\337\152\041\127\213}{section.3}% 49
\BOOKMARK [0][-]{part.3}{\376\377\173\054\116\011\220\350\122\006\000\040\000L\000A\000t\000e\000x\213\355\154\325\133\146\116\140}{}% 50
\BOOKMARK [1][-]{section.4}{\376\377\000L\000a\000t\000e\000x\213\355\154\325\133\146\116\140}{part.3}% 51
\BOOKMARK [2][-]{subsection.4.1}{\376\377\117\052\116\343\170\001}{section.4}% 52
\BOOKMARK [2][-]{subsection.4.2}{\376\377\215\205\224\376\143\245}{section.4}% 53
\BOOKMARK [2][-]{subsection.4.3}{\376\377\143\322\121\145\126\376\162\107}{section.4}% 54
\BOOKMARK [2][-]{subsection.4.4}{\376\377\000t\000i\000k\000z\176\330\126\376}{section.4}% 55
\BOOKMARK [1][-]{section.5}{\376\377\000L\000a\000t\000e\000x\133\127\117\123}{part.3}% 56
\BOOKMARK [2][-]{subsection.5.1}{\376\377\000L\000a\000t\000e\000x\133\127\153\315\166\204\116\011\171\315\174\173\117\123}{section.5}% 57
